(---------------------------------------------------------------------)
(                                                                     )
(    Allegro Netrev Import Logic                                      )
(                                                                     )
(    Drawing          : AAST_BOARD V1.brd                             )
(    Software Version : 17.2S047                                      )
(    Date/Time        : Mon Nov 27 10:56:43 2023                      )
(                                                                     )
(---------------------------------------------------------------------)


------ Directives ------------

Ripup etch:                  No
Ripup delete first segment:  No
Ripup retain bondwire:       No
Ripup symbols:               Always
Missing symbol has error:    No
DRC update:                  Yes
Schematic directory:         'C:\USERS\USER\DOWNLOADS\SCHM\allegro'
Design Directory:            'C:/USERS/USER/DOWNLOADS/SCHM/allegro'
Old design name:             'C:/USERS/USER/DOWNLOADS/SCHM/allegro/AAST_BOARD V1.brd'
New design name:             'C:/USERS/USER/DOWNLOADS/SCHM/allegro/AAST_BOARD V1.brd'

CmdLine: netrev.exe -y 1 -n -i C:\USERS\USER\DOWNLOADS\SCHM\allegro C:\USERS\USER\DOWNLOADS\SCHM\allegro\AAST_BOARD V1.brd C:\USERS\USER\DOWNLOADS\SCHM\allegro\AAST_BOARD V1.brd

------ Preparing to read pst files ------

Starting to read C:/USERS/USER/DOWNLOADS/SCHM/allegro/pstchip.dat 
   Finished reading C:/USERS/USER/DOWNLOADS/SCHM/allegro/pstchip.dat (00:00:00.11)
Starting to read C:/USERS/USER/DOWNLOADS/SCHM/allegro/pstxprt.dat 
   Finished reading C:/USERS/USER/DOWNLOADS/SCHM/allegro/pstxprt.dat (00:00:00.00)
Starting to read C:/USERS/USER/DOWNLOADS/SCHM/allegro/pstxnet.dat 
   Finished reading C:/USERS/USER/DOWNLOADS/SCHM/allegro/pstxnet.dat (00:00:00.00)

------ Oversights/Warnings/Errors ------


------ Library Paths ------
MODULEPATH =  . 
           c:/cadence/spb_17.2/share/local/pcb/modules 

PSMPATH =  . 
           symbols 
           .. 
           ../symbols 
           c:/cadence/spb_17.2/share/local/pcb/symbols 
           c:/cadence/spb_17.2/share/pcb/pcb_lib/symbols 
           c:/cadence/spb_17.2/share/pcb/allegrolib/symbols 

PADPATH =  . 
           symbols 
           .. 
           ../symbols 
           c:/cadence/spb_17.2/share/local/pcb/padstacks 
           c:/cadence/spb_17.2/share/pcb/pcb_lib/symbols 
           c:/cadence/spb_17.2/share/pcb/allegrolib/symbols 


------ Summary Statistics ------


netrev run on Nov 27 10:56:43 2023
   DESIGN NAME : 'AAST_BOARD V1'
   PACKAGING ON Aug 26 2018 15:46:21

   COMPILE 'logic'
   CHECK_PIN_NAMES OFF
   CROSS_REFERENCE OFF
   FEEDBACK OFF
   INCREMENTAL OFF
   INTERFACE_TYPE PHYSICAL
   MAX_ERRORS 500
   MERGE_MINIMUM 5
   NET_NAME_CHARS '#%&()*+-./:=>?@[]^_`|'
   NET_NAME_LENGTH 24
   OVERSIGHTS ON
   REPLACE_CHECK OFF
   SINGLE_NODE_NETS ON
   SPLIT_MINIMUM 0
   SUPPRESS   20
   WARNINGS ON

 No error detected
 No oversight detected
 No warning detected

cpu time      0:01:19
elapsed time  0:00:00

