(---------------------------------------------------------------------)
(                                                                     )
(    Allegro Netrev Import Logic                                      )
(                                                                     )
(    Drawing          : AAST_BOARD V1.brd                             )
(    Software Version : 17.2S038                                      )
(    Date/Time        : Thu Sep 21 19:40:38 2023                      )
(                                                                     )
(---------------------------------------------------------------------)


------ Directives ------------

Ripup etch:                  No
Ripup delete first segment:  No
Ripup retain bondwire:       No
Ripup symbols:               Always
Missing symbol has error:    No
DRC update:                  Yes
Schematic directory:         'C:\USERS\6GIOC\ONEDRIVE\AAST\CIRCUIT\SCHM\allegro'
Design Directory:            'C:/USERS/6GIOC/ONEDRIVE/AAST/CIRCUIT/SCHM/allegro'
Old design name:             'C:/USERS/6GIOC/ONEDRIVE/AAST/CIRCUIT/SCHM/allegro/AAST_BOARD V1.brd'
New design name:             'C:/USERS/6GIOC/ONEDRIVE/AAST/CIRCUIT/SCHM/allegro/AAST_BOARD V1.brd'

CmdLine: netrev.exe -y 1 -n -i C:\USERS\6GIOC\ONEDRIVE\AAST\CIRCUIT\SCHM\allegro C:\USERS\6GIOC\ONEDRIVE\AAST\CIRCUIT\SCHM\allegro\AAST_BOARD V1.brd C:\USERS\6GIOC\ONEDRIVE\AAST\CIRCUIT\SCHM\allegro\AAST_BOARD V1.brd

------ Preparing to read pst files ------

Starting to read C:/USERS/6GIOC/ONEDRIVE/AAST/CIRCUIT/SCHM/allegro/pstchip.dat 
   Finished reading C:/USERS/6GIOC/ONEDRIVE/AAST/CIRCUIT/SCHM/allegro/pstchip.dat (00:00:00.03)
Starting to read C:/USERS/6GIOC/ONEDRIVE/AAST/CIRCUIT/SCHM/allegro/pstxprt.dat 
   Finished reading C:/USERS/6GIOC/ONEDRIVE/AAST/CIRCUIT/SCHM/allegro/pstxprt.dat (00:00:00.00)
Starting to read C:/USERS/6GIOC/ONEDRIVE/AAST/CIRCUIT/SCHM/allegro/pstxnet.dat 
   Finished reading C:/USERS/6GIOC/ONEDRIVE/AAST/CIRCUIT/SCHM/allegro/pstxnet.dat (00:00:00.01)

------ Oversights/Warnings/Errors ------


------ Library Paths ------
MODULEPATH =  . 
           C:/Cadence/SPB_17.2/share/local/pcb/modules 

PSMPATH =  . 
           symbols 
           .. 
           ../symbols 
           C:/Cadence/SPB_17.2/share/local/pcb/symbols 
           C:/Cadence/SPB_17.2/share/pcb/pcb_lib/symbols 
           C:/Cadence/SPB_17.2/share/pcb/allegrolib/symbols 

PADPATH =  . 
           symbols 
           .. 
           ../symbols 
           C:/Cadence/SPB_17.2/share/local/pcb/padstacks 
           C:/Cadence/SPB_17.2/share/pcb/pcb_lib/symbols 
           C:/Cadence/SPB_17.2/share/pcb/allegrolib/symbols 


------ Summary Statistics ------


netrev run on Sep 21 19:40:38 2023
   DESIGN NAME : 'AAST_BOARD V1'
   PACKAGING ON Apr 15 2018 17:30:46

   COMPILE 'logic'
   CHECK_PIN_NAMES OFF
   CROSS_REFERENCE OFF
   FEEDBACK OFF
   INCREMENTAL OFF
   INTERFACE_TYPE PHYSICAL
   MAX_ERRORS 500
   MERGE_MINIMUM 5
   NET_NAME_CHARS '#%&()*+-./:=>?@[]^_`|'
   NET_NAME_LENGTH 24
   OVERSIGHTS ON
   REPLACE_CHECK OFF
   SINGLE_NODE_NETS ON
   SPLIT_MINIMUM 0
   SUPPRESS   20
   WARNINGS ON

 No error detected
 No oversight detected
 No warning detected

cpu time      0:00:51
elapsed time  0:00:00

